splashscreen/app/build/intermediates/manifest_merge_blame_file/debug/manifest-merger-blame-debug-report.txt
1<?xml version="1.0" encoding="utf-8"?>
2<manifest xmlns:android="http://schemas.android.com/apk/res/android"
3    package="com.example.splashscreen"
4    android:versionCode="1"
5    android:versionName="1.0" >
6
7    <uses-sdk
8        android:minSdkVersion="28"
8-->src\main\AndroidManifest.xml
9        android:targetSdkVersion="29" />
9-->src\main\AndroidManifest.xml
10
11    <application
11-->src\main\AndroidManifest.xml:5:5-39:19
12        android:allowBackup="true"
12-->src\main\AndroidManifest.xml:6:9-35
13        android:appComponentFactory="androidx.core.app.CoreComponentFactory"
13-->[androidx.core:core:1.0.1] AndroidManifest.xml:22:18-86
14        android:debuggable="true"
15        android:icon="@mipmap/ic_launcher"
15-->src\main\AndroidManifest.xml:7:9-43
16        android:label="@string/app_name"
16-->src\main\AndroidManifest.xml:8:9-41
17        android:roundIcon="@mipmap/ic_launcher_round"
17-->src\main\AndroidManifest.xml:9:9-54
18        android:supportsRtl="true"
18-->src\main\AndroidManifest.xml:10:9-35
19        android:testOnly="true"
20        android:theme="@style/SplashTheme" >
20-->src\main\AndroidManifest.xml:11:9-43
21        <activity android:name="com.example.splashscreen.SplashActivity" >
21-->src\main\AndroidManifest.xml:12:9-18:20
21-->src\main\AndroidManifest.xml:13:13-43
22            <intent-filter>
22-->src\main\AndroidManifest.xml:14:13-17:29
23                <action android:name="android.intent.action.MAIN" />
23-->src\main\AndroidManifest.xml:15:17-69
23-->src\main\AndroidManifest.xml:15:25-66
24
25                <category android:name="android.intent.category.LAUNCHER" />
25-->src\main\AndroidManifest.xml:16:17-77
25-->src\main\AndroidManifest.xml:16:27-74
26            </intent-filter>
27        </activity>
28        <activity
28-->src\main\AndroidManifest.xml:19:9-23:20
29            android:name="com.example.splashscreen.MainActivity"
29-->src\main\AndroidManifest.xml:20:13-41
30            android:background="@color/colorPrimaryDark"
30-->src\main\AndroidManifest.xml:22:13-57
31            android:theme="@android:style/Theme.DeviceDefault.Light.NoActionBar" >
31-->src\main\AndroidManifest.xml:21:13-81
32        </activity>
33        <activity
33-->src\main\AndroidManifest.xml:24:9-28:20
34            android:name="com.example.splashscreen.OverActivity"
34-->src\main\AndroidManifest.xml:25:13-41
35            android:background="@color/colorPrimaryDark"
35-->src\main\AndroidManifest.xml:27:13-57
36            android:theme="@android:style/Theme.DeviceDefault.Light.NoActionBar" >
36-->src\main\AndroidManifest.xml:26:13-81
37        </activity>
38        <activity
38-->src\main\AndroidManifest.xml:29:9-33:20
39            android:name="com.example.splashscreen.ScoreActivity"
39-->src\main\AndroidManifest.xml:30:13-42
40            android:background="@color/colorPrimaryDark"
40-->src\main\AndroidManifest.xml:32:13-57
41            android:theme="@android:style/Theme.DeviceDefault.Light.NoActionBar" >
41-->src\main\AndroidManifest.xml:31:13-81
42        </activity>
43        <activity
43-->src\main\AndroidManifest.xml:34:9-38:20
44            android:name="com.example.splashscreen.CategorieActivity"
44-->src\main\AndroidManifest.xml:35:13-46
45            android:background="@color/colorPrimaryDark"
45-->src\main\AndroidManifest.xml:37:13-57
46            android:theme="@android:style/Theme.DeviceDefault.Light.NoActionBar" >
46-->src\main\AndroidManifest.xml:36:13-81
47        </activity>
48    </application>
49
50</manifest>